<?xml version="1.0" encoding="UTF-8"?>
<testsuites name="jest tests" tests="2" failures="0" errors="0" time="0.367">
  <testsuite name="undefined" errors="0" failures="0" skipped="0" timestamp="2024-02-16T13:41:32" time="0.258" tests="1">
    <testcase classname=" add 1 + 2 to equal 3" name=" add 1 + 2 to equal 3" time="0.002">
    </testcase>
  </testsuite>
  <testsuite name="undefined" errors="0" failures="0" skipped="0" timestamp="2024-02-16T13:41:32" time="0.26" tests="1">
    <testcase classname=" 2: add 1 + 2 to equal 3" name=" 2: add 1 + 2 to equal 3" time="0.003">
    </testcase>
  </testsuite>
</testsuites>